Removed Pin From Net: NetName=GND Pin=FPC?-1
Removed Pin From Net: NetName=MIPI_D2_P Pin=FPC?-2
Removed Pin From Net: NetName=MIPI_D2_N Pin=FPC?-3
Removed Pin From Net: NetName=GND Pin=FPC?-4
Removed Pin From Net: NetName=MIPI_D1_P Pin=FPC?-5
Removed Pin From Net: NetName=MIPI_D1_N Pin=FPC?-6
Removed Pin From Net: NetName=GND Pin=FPC?-7
Removed Pin From Net: NetName=MIPI_CLK_P Pin=FPC?-8
Removed Pin From Net: NetName=MIPI_CLK_N Pin=FPC?-9
Removed Pin From Net: NetName=GND Pin=FPC?-10
Removed Pin From Net: NetName=MIPI_D0_P Pin=FPC?-11
Removed Pin From Net: NetName=MIPI_D0_N Pin=FPC?-12
Removed Pin From Net: NetName=GND Pin=FPC?-13
Removed Pin From Net: NetName=MIPI_D3_P Pin=FPC?-14
Removed Pin From Net: NetName=MIPI_D3_N Pin=FPC?-15
Removed Pin From Net: NetName=GND Pin=FPC?-16
Removed Pin From Net: NetName=TIMER2_CH0 Pin=FPC?-17
Removed Pin From Net: NetName=LCD_EN Pin=FPC?-18
Removed Pin From Net: NetName=VCC_3V3 Pin=FPC?-19
Removed Pin From Net: NetName=VCC_3V3 Pin=FPC?-20
Removed Pin From Net: NetName=VCC_3V3 Pin=FPC?-21
Removed Pin From Net: NetName=VCC_1V8 Pin=FPC?-22
Removed Pin From Net: NetName=VCC_1V8 Pin=FPC?-23
Removed Pin From Net: NetName=VCC_1V8 Pin=FPC?-24
Removed Pin From Net: NetName=GND Pin=FPC?-25
Change Component Designator: OldDesignator=FPC? NewDesignator=FPC2
Added Pin To Net: NetName=VCC_1V8 Pin=FPC2-1
Added Pin To Net: NetName=VCC_1V8 Pin=FPC2-2
Added Pin To Net: NetName=VCC_1V8 Pin=FPC2-3
Added Pin To Net: NetName=LCD_EN Pin=FPC2-4
Added Pin To Net: NetName=GND Pin=FPC2-5
Added Pin To Net: NetName=MIPI_D2_P Pin=FPC2-6
Added Pin To Net: NetName=MIPI_D2_N Pin=FPC2-7
Added Pin To Net: NetName=GND Pin=FPC2-8
Added Pin To Net: NetName=MIPI_D1_P Pin=FPC2-9
Added Pin To Net: NetName=MIPI_D1_N Pin=FPC2-10
Added Pin To Net: NetName=GND Pin=FPC2-11
Added Pin To Net: NetName=MIPI_CLK_P Pin=FPC2-12
Added Pin To Net: NetName=MIPI_CLK_N Pin=FPC2-13
Added Pin To Net: NetName=GND Pin=FPC2-14
Added Pin To Net: NetName=MIPI_D0_P Pin=FPC2-15
Added Pin To Net: NetName=MIPI_D0_N Pin=FPC2-16
Added Pin To Net: NetName=GND Pin=FPC2-17
Added Pin To Net: NetName=MIPI_D3_P Pin=FPC2-18
Added Pin To Net: NetName=MIPI_D3_N Pin=FPC2-19
Added Pin To Net: NetName=GND Pin=FPC2-20
Added Pin To Net: NetName=TIMER2_CH0 Pin=FPC2-21
Added Pin To Net: NetName=VCC_3V3 Pin=FPC2-23
Added Pin To Net: NetName=VCC_3V3 Pin=FPC2-24
Added Pin To Net: NetName=VCC_3V3 Pin=FPC2-25
Added Pin To Net: NetName=LCD_RST Pin=FPC1-37
Added Pin To Net: NetName=LCD_RST Pin=FPC2-22
Added Net: Name=LCD_RST
