Removed Pin From Net: NetName=MIPI_D3_P Pin=FPC?-2
Removed Pin From Net: NetName=MIPI_D3_N Pin=FPC?-3
Removed Pin From Net: NetName=MIPI_D2_P Pin=FPC?-5
Removed Pin From Net: NetName=MIPI_D2_N Pin=FPC?-6
Removed Pin From Net: NetName=MIPI_D1_P Pin=FPC?-8
Removed Pin From Net: NetName=MIPI_D1_N Pin=FPC?-9
Removed Pin From Net: NetName=MIPI_CLK_P Pin=FPC?-11
Removed Pin From Net: NetName=MIPI_CLK_N Pin=FPC?-12
Removed Pin From Net: NetName=MIPI_D0_P Pin=FPC?-14
Removed Pin From Net: NetName=MIPI_D0_N Pin=FPC?-15
Added Pin To Net: NetName=MIPI_D2_P Pin=FPC?-2
Added Pin To Net: NetName=MIPI_D2_N Pin=FPC?-3
Added Pin To Net: NetName=MIPI_D1_P Pin=FPC?-5
Added Pin To Net: NetName=MIPI_D1_N Pin=FPC?-6
Added Pin To Net: NetName=MIPI_CLK_P Pin=FPC?-8
Added Pin To Net: NetName=MIPI_CLK_N Pin=FPC?-9
Added Pin To Net: NetName=MIPI_D0_P Pin=FPC?-11
Added Pin To Net: NetName=MIPI_D0_N Pin=FPC?-12
Added Pin To Net: NetName=MIPI_D3_P Pin=FPC?-14
Added Pin To Net: NetName=MIPI_D3_N Pin=FPC?-15
