Removed Pin From Net: NetName=GND Pin=JP?-2
Removed Pin From Net: NetName=VCC_1V8 Pin=JP?-3
Removed Pin From Net: NetName=VCC_1V8 Pin=JP?-4
Removed Pin From Net: NetName=VCC_1V8 Pin=JP?-5
Removed Pin From Net: NetName=VCC_3V3 Pin=JP?-6
Removed Pin From Net: NetName=VCC_3V3 Pin=JP?-7
Removed Pin From Net: NetName=VCC_3V3 Pin=JP?-8
Removed Pin From Net: NetName=LCD_EN Pin=JP?-9
Removed Pin From Net: NetName=TIMER2_CH0 Pin=JP?-10
Removed Pin From Net: NetName=GND Pin=JP?-11
Removed Pin From Net: NetName=MIPI_D0_N Pin=JP?-12
Removed Pin From Net: NetName=MIPI_D0_P Pin=JP?-13
Removed Pin From Net: NetName=GND Pin=JP?-14
Removed Pin From Net: NetName=MIPI_D1_N Pin=JP?-15
Removed Pin From Net: NetName=MIPI_D1_P Pin=JP?-16
Removed Pin From Net: NetName=GND Pin=JP?-17
Removed Pin From Net: NetName=MIPI_CLK_N Pin=JP?-18
Removed Pin From Net: NetName=MIPI_CLK_P Pin=JP?-19
Removed Pin From Net: NetName=GND Pin=JP?-20
Removed Pin From Net: NetName=MIPI_D2_N Pin=JP?-21
Removed Pin From Net: NetName=MIPI_D2_P Pin=JP?-22
Removed Pin From Net: NetName=GND Pin=JP?-23
Removed Pin From Net: NetName=MIPI_D3_N Pin=JP?-24
Removed Pin From Net: NetName=MIPI_D3_P Pin=JP?-25
Added Pin To Net: NetName=MIPI_D3_P Pin=JP?-2
Added Pin To Net: NetName=MIPI_D3_N Pin=JP?-3
Added Pin To Net: NetName=GND Pin=JP?-4
Added Pin To Net: NetName=MIPI_D2_P Pin=JP?-5
Added Pin To Net: NetName=MIPI_D2_N Pin=JP?-6
Added Pin To Net: NetName=GND Pin=JP?-7
Added Pin To Net: NetName=MIPI_CLK_P Pin=JP?-8
Added Pin To Net: NetName=MIPI_CLK_N Pin=JP?-9
Added Pin To Net: NetName=GND Pin=JP?-10
Added Pin To Net: NetName=MIPI_D1_P Pin=JP?-11
Added Pin To Net: NetName=MIPI_D1_N Pin=JP?-12
Added Pin To Net: NetName=GND Pin=JP?-13
Added Pin To Net: NetName=MIPI_D0_P Pin=JP?-14
Added Pin To Net: NetName=MIPI_D0_N Pin=JP?-15
Added Pin To Net: NetName=GND Pin=JP?-16
Added Pin To Net: NetName=TIMER2_CH0 Pin=JP?-17
Added Pin To Net: NetName=LCD_EN Pin=JP?-18
Added Pin To Net: NetName=VCC_3V3 Pin=JP?-19
Added Pin To Net: NetName=VCC_3V3 Pin=JP?-20
Added Pin To Net: NetName=VCC_3V3 Pin=JP?-21
Added Pin To Net: NetName=VCC_1V8 Pin=JP?-22
Added Pin To Net: NetName=VCC_1V8 Pin=JP?-23
Added Pin To Net: NetName=VCC_1V8 Pin=JP?-24
Added Pin To Net: NetName=GND Pin=JP?-25
